\BOOKMARK [1][-]{section.1}{\376\377\116\247\124\301\151\202\217\360}{}% 1
\BOOKMARK [2][-]{subsection.1.1}{\376\377\137\000\123\321\200\314\146\157}{section.1}% 2
\BOOKMARK [2][-]{subsection.1.2}{\376\377\116\247\124\301\151\202\217\360}{section.1}% 3
\BOOKMARK [1][-]{section.2}{\376\377\174\373\176\337\122\237\200\375}{}% 4
\BOOKMARK [2][-]{subsection.2.1}{\376\377\217\333\121\145\174\373\176\337}{section.2}% 5
\BOOKMARK [2][-]{subsection.2.2}{\376\377\145\160\143\156\173\241\164\006}{section.2}% 6
\BOOKMARK [3][-]{subsubsection.2.2.1}{\376\377\213\373\123\326\145\160\143\156}{subsection.2.2}% 7
\BOOKMARK [3][-]{subsubsection.2.2.2}{\376\377\117\335\133\130\145\160\143\156}{subsection.2.2}% 8
\BOOKMARK [2][-]{subsection.2.3}{\376\377\165\050\142\067\173\241\164\006}{section.2}% 9
\BOOKMARK [3][-]{subsubsection.2.3.1}{\376\377\155\373\122\240\165\050\142\067}{subsection.2.3}% 10
\BOOKMARK [3][-]{subsubsection.2.3.2}{\376\377\122\040\226\144\165\050\142\067}{subsection.2.3}% 11
\BOOKMARK [3][-]{subsubsection.2.3.3}{\376\377\146\076\171\072\165\050\142\067\122\027\210\150}{subsection.2.3}% 12
\BOOKMARK [3][-]{subsubsection.2.3.4}{\376\377\147\345\142\176\165\050\142\067}{subsection.2.3}% 13
\BOOKMARK [3][-]{subsubsection.2.3.5}{\376\377\117\356\145\071\165\050\142\067\117\341\140\157}{subsection.2.3}% 14
\BOOKMARK [3][-]{subsubsection.2.3.6}{\376\377\120\037\226\005\221\317\143\222\210\114\151\234}{subsection.2.3}% 15
\BOOKMARK [3][-]{subsubsection.2.3.7}{\376\377\176\330\122\066\120\037\226\005\145\160\221\317\146\362\176\277}{subsection.2.3}% 16
\BOOKMARK [2][-]{subsection.2.4}{\376\377\213\277\133\242\173\241\164\006}{section.2}% 17
\BOOKMARK [3][-]{subsubsection.2.4.1}{\376\377\155\373\122\240\213\277\133\242}{subsection.2.4}% 18
\BOOKMARK [3][-]{subsubsection.2.4.2}{\376\377\122\040\226\144\213\277\133\242}{subsection.2.4}% 19
\BOOKMARK [3][-]{subsubsection.2.4.3}{\376\377\146\076\171\072\213\277\133\242\122\027\210\150}{subsection.2.4}% 20
\BOOKMARK [3][-]{subsubsection.2.4.4}{\376\377\147\345\142\176\213\277\133\242}{subsection.2.4}% 21
\BOOKMARK [3][-]{subsubsection.2.4.5}{\376\377\117\356\145\071\213\277\133\242\117\341\140\157}{subsection.2.4}% 22
\BOOKMARK [2][-]{subsection.2.5}{\376\377\173\241\164\006\124\130\173\241\164\006}{section.2}% 23
\BOOKMARK [3][-]{subsubsection.2.5.1}{\376\377\155\373\122\240\173\241\164\006\124\130}{subsection.2.5}% 24
\BOOKMARK [3][-]{subsubsection.2.5.2}{\376\377\122\040\226\144\173\241\164\006\124\130}{subsection.2.5}% 25
\BOOKMARK [3][-]{subsubsection.2.5.3}{\376\377\146\076\171\072\173\241\164\006\124\130\122\027\210\150}{subsection.2.5}% 26
\BOOKMARK [3][-]{subsubsection.2.5.4}{\376\377\147\345\142\176\173\241\164\006\124\130}{subsection.2.5}% 27
\BOOKMARK [3][-]{subsubsection.2.5.5}{\376\377\117\356\145\071\173\241\164\006\124\130\117\341\140\157}{subsection.2.5}% 28
\BOOKMARK [2][-]{subsection.2.6}{\376\377\126\376\116\146\173\241\164\006}{section.2}% 29
\BOOKMARK [3][-]{subsubsection.2.6.1}{\376\377\155\373\122\240\126\376\116\146}{subsection.2.6}% 30
\BOOKMARK [3][-]{subsubsection.2.6.2}{\376\377\122\040\226\144\126\376\116\146}{subsection.2.6}% 31
\BOOKMARK [3][-]{subsubsection.2.6.3}{\376\377\146\076\171\072\126\376\116\146\122\027\210\150}{subsection.2.6}% 32
\BOOKMARK [3][-]{subsubsection.2.6.4}{\376\377\147\345\142\176\126\376\116\146}{subsection.2.6}% 33
\BOOKMARK [3][-]{subsubsection.2.6.5}{\376\377\117\356\145\071\126\376\116\146\117\341\140\157}{subsection.2.6}% 34
\BOOKMARK [3][-]{subsubsection.2.6.6}{\376\377\120\037\226\005\126\376\116\146}{subsection.2.6}% 35
\BOOKMARK [3][-]{subsubsection.2.6.7}{\376\377\137\122\217\330\126\376\116\146}{subsection.2.6}% 36
\BOOKMARK [3][-]{subsubsection.2.6.8}{\376\377\146\076\171\072\120\037\226\005\143\222\210\114}{subsection.2.6}% 37
\BOOKMARK [1][-]{section.3}{\376\377\174\373\176\337\147\266\147\204}{}% 38
\BOOKMARK [2][-]{subsection.3.1}{\376\377\174\173\121\163\174\373}{section.3}% 39
\BOOKMARK [2][-]{subsection.3.2}{\376\377\174\173\166\204\133\236\163\260}{section.3}% 40
\BOOKMARK [3][-]{subsubsection.3.2.1}{\376\377\127\372\170\100\174\173\116\016\116\272\124\130\174\173}{subsection.3.2}% 41
\BOOKMARK [3][-]{subsubsection.3.2.2}{\376\377\165\050\142\067\174\173\116\016\213\277\133\242\174\173}{subsection.3.2}% 42
\BOOKMARK [3][-]{subsubsection.3.2.3}{\376\377\173\241\164\006\124\130\174\173\116\016\126\376\116\146\174\173}{subsection.3.2}% 43
\BOOKMARK [3][-]{subsubsection.3.2.4}{\376\377\126\376\116\146\173\241\164\006\174\173}{subsection.3.2}% 44
\BOOKMARK [1][-]{section.4}{\376\377\174\373\176\337\214\003\213\325}{}% 45
\BOOKMARK [2][-]{subsection.4.1}{\376\377\214\003\213\325\163\257\130\203}{section.4}% 46
\BOOKMARK [2][-]{subsection.4.2}{\376\377\214\003\213\325\217\307\172\013}{section.4}% 47
\BOOKMARK [1][-]{section.5}{\376\377\174\373\176\337\146\364\145\260}{}% 48
\BOOKMARK [1][-]{section.6}{\376\377\124\016\213\260}{}% 49
\BOOKMARK [2][-]{subsection.6.1}{\376\377\140\073\176\323\123\312\201\364\214\042}{section.6}% 50
\BOOKMARK [2][-]{subsection.6.2}{\376\377\200\124\174\373\145\271\137\017}{section.6}% 51
\BOOKMARK [2][-]{subsection.6.3}{\376\377\162\110\147\103\130\360\146\016}{section.6}% 52
\BOOKMARK [1][-]{section.7}{\376\377\226\104\137\125}{}% 53
\BOOKMARK [2][-]{subsection.7.1}{\376\377\156\220\116\343\170\001}{section.7}% 54
\BOOKMARK [3][-]{subsubsection.7.1.1}{\376\377\000L\000i\000b\000r\000a\000r\000y\000I\000t\000e\000m\000.\000h}{subsection.7.1}% 55
\BOOKMARK [3][-]{subsubsection.7.1.2}{\376\377\000P\000e\000r\000s\000o\000n\000.\000h}{subsection.7.1}% 56
\BOOKMARK [3][-]{subsubsection.7.1.3}{\376\377\000B\000o\000o\000k\000.\000h}{subsection.7.1}% 57
\BOOKMARK [3][-]{subsubsection.7.1.4}{\376\377\000M\000a\000n\000a\000g\000e\000m\000e\000n\000t\000.\000h}{subsection.7.1}% 58
\BOOKMARK [3][-]{subsubsection.7.1.5}{\376\377\000P\000e\000r\000s\000o\000n\000.\000c\000p\000p}{subsection.7.1}% 59
\BOOKMARK [3][-]{subsubsection.7.1.6}{\376\377\000B\000o\000o\000k\000.\000c\000p\000p}{subsection.7.1}% 60
\BOOKMARK [3][-]{subsubsection.7.1.7}{\376\377\000M\000a\000n\000a\000g\000e\000m\000e\000n\000t\000.\000c\000p\000p}{subsection.7.1}% 61
\BOOKMARK [3][-]{subsubsection.7.1.8}{\376\377\000d\000r\000a\000w\000\137\000c\000h\000a\000r\000t\000.\000p\000y}{subsection.7.1}% 62
\BOOKMARK [3][-]{subsubsection.7.1.9}{\376\377\000m\000a\000i\000n\000.\000c\000p\000p}{subsection.7.1}% 63
\BOOKMARK [2][-]{subsection.7.2}{\376\377\155\113\213\325\145\160\143\156\145\207\116\366}{section.7}% 64
